<?xml version="1.0" encoding="UTF-8"?>
<!-- Generated by org.testng.reporters.JUnitReportReporter -->
<testsuite skipped="0" hostname="Dee-PC" name="com.packt.tests.WorkWithFiles" tests="1" failures="0" timestamp="24 Mar 2018 15:24:22 GMT" time="20.720" errors="0">
  <testcase name="fileUploadTest" time="20.720" classname="com.packt.tests.WorkWithFiles"/>
</testsuite> <!-- com.packt.tests.WorkWithFiles -->
