<?xml version="1.0" encoding="UTF-8"?>
<!-- Generated by org.testng.reporters.JUnitReportReporter -->
<testsuite skipped="0" hostname="Dee-PC" name="com.packt.tests.FirstTest" tests="5" failures="0" timestamp="08 Apr 2018 19:36:18 GMT" time="81.283" errors="0">
  <testcase name="positiveLoginTest" time="6.685" classname="com.packt.tests.FirstTest"/>
  <testcase name="positiveLoginTest" time="26.213" classname="com.packt.tests.FirstTest"/>
  <testcase name="positiveLoginTest" time="13.048" classname="com.packt.tests.FirstTest"/>
  <testcase name="positiveLoginTest" time="14.465" classname="com.packt.tests.FirstTest"/>
  <testcase name="positiveLoginTest" time="20.872" classname="com.packt.tests.FirstTest"/>
</testsuite> <!-- com.packt.tests.FirstTest -->
