<?xml version="1.0" encoding="UTF-8"?>
<!-- Generated by org.testng.reporters.JUnitReportReporter -->
<testsuite skipped="0" hostname="Dee-PC" name="com.packt.tests.AdvancedInteractions" tests="1" failures="0" timestamp="24 Mar 2018 14:43:05 GMT" time="20.911" errors="0">
  <testcase name="iframeTest" time="20.911" classname="com.packt.tests.AdvancedInteractions"/>
</testsuite> <!-- com.packt.tests.AdvancedInteractions -->
