<?xml version="1.0" encoding="UTF-8"?>
<!-- Generated by org.testng.reporters.JUnitReportReporter -->
<testsuite hostname="Dee-PC" name="com.packt.tests.FirstTest" tests="5" failures="0" timestamp="8 Apr 2018 14:25:22 GMT" time="75.404" errors="0">
  <testcase name="positiveLogInTest" time="21.541" classname="com.packt.tests.FirstTest"/>
  <testcase name="positiveLogInTest" time="4.224" classname="com.packt.tests.FirstTest"/>
  <testcase name="positiveLogInTest" time="17.938" classname="com.packt.tests.FirstTest"/>
  <testcase name="positiveLogInTest" time="14.605" classname="com.packt.tests.FirstTest"/>
  <testcase name="positiveLogInTest" time="17.096" classname="com.packt.tests.FirstTest"/>
</testsuite> <!-- com.packt.tests.FirstTest -->
