<?xml version="1.0" encoding="UTF-8"?>
<!-- Generated by org.testng.reporters.JUnitReportReporter -->
<testsuite skipped="0" hostname="Dee-PC" name="com.packt.tests.BlockedImagesTest" tests="1" failures="0" timestamp="15 Apr 2018 14:41:19 GMT" time="28.296" errors="0">
  <testcase name="blockedImagesTest" time="28.296" classname="com.packt.tests.BlockedImagesTest"/>
</testsuite> <!-- com.packt.tests.BlockedImagesTest -->
