<?xml version="1.0" encoding="UTF-8"?>
<!-- Generated by org.testng.reporters.JUnitReportReporter -->
<testsuite skipped="0" hostname="Dee-PC" name="com.packt.tests.FirstTest" tests="3" failures="0" timestamp="28 Apr 2018 13:51:03 GMT" time="63.970" errors="0">
  <testcase name="positiveLoginTest" time="24.294" classname="com.packt.tests.FirstTest"/>
  <testcase name="positiveLoginTest" time="10.495" classname="com.packt.tests.FirstTest"/>
  <testcase name="positiveLoginTest" time="29.181" classname="com.packt.tests.FirstTest"/>
</testsuite> <!-- com.packt.tests.FirstTest -->
