<?xml version="1.0" encoding="UTF-8"?>
<!-- Generated by org.testng.reporters.JUnitReportReporter -->
<testsuite skipped="0" hostname="Dee-PC" name="com.packt.tests.JavaScriptErrors" tests="1" failures="0" timestamp="31 Mar 2018 17:08:28 GMT" time="7.575" errors="0">
  <testcase name="javaScriptErrorsTest" time="7.575" classname="com.packt.tests.JavaScriptErrors"/>
</testsuite> <!-- com.packt.tests.JavaScriptErrors -->
