<?xml version="1.0" encoding="UTF-8"?>
<!-- Generated by org.testng.reporters.JUnitReportReporter -->
<testsuite skipped="0" hostname="Dee-PC" name="com.packt.tests.Cookies" tests="1" failures="0" timestamp="15 Apr 2018 14:18:04 GMT" time="22.230" errors="0">
  <testcase name="addingCookiesTest" time="22.230" classname="com.packt.tests.Cookies"/>
</testsuite> <!-- com.packt.tests.Cookies -->
