<?xml version="1.0" encoding="UTF-8"?>
<!-- Generated by org.testng.reporters.JUnitReportReporter -->
<testsuite skipped="0" hostname="Dee-PC" name="com.packt.tests.FirstTest" tests="1" failures="0" timestamp="21 Apr 2018 13:33:04 GMT" time="21.586" errors="0">
  <testcase name="positiveLoginTest" time="21.586" classname="com.packt.tests.FirstTest"/>
</testsuite> <!-- com.packt.tests.FirstTest -->
