<?xml version="1.0" encoding="UTF-8"?>
<!-- Generated by org.testng.reporters.JUnitReportReporter -->
<testsuite hostname="Dee-PC" name="com.packt.tests.BlockedImagesTest" tests="1" failures="0" timestamp="11 Apr 2018 15:17:32 GMT" time="24.480" errors="0">
  <testcase name="blockedImagesTest" time="24.480" classname="com.packt.tests.BlockedImagesTest"/>
</testsuite> <!-- com.packt.tests.BlockedImagesTest -->
