<?xml version="1.0" encoding="UTF-8"?>
<!-- Generated by org.testng.reporters.JUnitReportReporter -->
<testsuite hostname="Dee-PC" name="com.packt.tests.Cookies" tests="1" failures="0" timestamp="9 Apr 2018 16:06:55 GMT" time="17.591" errors="0">
  <testcase name="addingCookiesTest" time="17.591" classname="com.packt.tests.Cookies"/>
</testsuite> <!-- com.packt.tests.Cookies -->
